SF:lib/features/favourites/bloc/favourites_event.dart
DA:5,4
DA:9,1
DA:10,1
DA:16,3
DA:18,1
DA:19,2
DA:25,4
DA:27,1
DA:28,2
LF:9
LH:9
end_of_record
SF:lib/features/favourites/bloc/favourites_state.dart
DA:7,2
DA:8,2
DA:14,4
DA:16,1
DA:17,1
DA:18,2
DA:22,0
DA:23,0
DA:24,0
DA:28,0
DA:30,2
DA:31,4
DA:35,2
DA:36,2
LF:14
LH:10
end_of_record
SF:lib/features/favourites/bloc/favourites_bloc.dart
DA:17,3
DA:18,2
DA:19,2
DA:20,2
DA:23,1
DA:25,2
DA:28,2
DA:29,2
DA:30,2
DA:32,2
DA:36,1
DA:37,1
DA:39,1
DA:41,3
DA:42,2
DA:43,2
DA:44,2
DA:45,1
DA:48,2
DA:53,1
DA:54,1
DA:56,1
DA:58,3
DA:59,2
DA:60,1
DA:61,3
DA:62,2
DA:64,2
DA:69,0
DA:72,0
DA:73,0
DA:74,0
DA:76,0
DA:77,0
DA:83,1
DA:85,1
DA:86,1
LF:37
LH:31
end_of_record
SF:lib/features/favourites/models/favourites_list.dart
DA:11,15
DA:13,1
DA:14,1
DA:15,5
DA:19,0
DA:20,0
DA:21,0
DA:26,0
DA:28,2
DA:29,4
LF:10
LH:6
end_of_record
SF:lib/features/dogbreeds/data/dog_repository.dart
DA:11,0
DA:12,0
DA:13,0
DA:14,0
DA:15,0
DA:16,0
DA:21,0
DA:22,0
DA:23,0
DA:26,0
DA:28,0
DA:29,0
LF:12
LH:0
end_of_record
SF:lib/features/dogbreeds/models/breeds/breeds_model.dart
DA:30,5
DA:42,5
DA:43,5
DA:45,2
DA:47,1
DA:48,1
DA:49,1
DA:50,1
DA:51,1
DA:52,1
DA:53,1
DA:54,1
DA:55,1
DA:56,1
DA:57,1
DA:58,1
DA:59,1
DA:60,1
LF:18
LH:18
end_of_record
SF:lib/features/dogbreeds/models/breeds/breeds_model.g.dart
DA:9,10
DA:10,5
DA:11,5
DA:13,10
DA:14,5
DA:15,10
DA:16,5
DA:17,5
DA:18,5
DA:19,5
DA:20,10
DA:22,10
DA:23,10
DA:24,10
DA:26,1
DA:27,1
DA:28,1
DA:29,1
DA:30,2
DA:31,1
DA:32,2
DA:33,1
DA:34,1
DA:35,1
DA:36,1
DA:37,1
DA:38,2
DA:39,1
LF:28
LH:28
end_of_record
SF:lib/features/dogbreeds/data/dog_data_provider.dart
DA:8,0
DA:9,0
DA:10,0
DA:11,0
LF:4
LH:0
end_of_record
SF:lib/features/dogbreeds/models/breeds/height.dart
DA:11,5
DA:13,10
DA:15,2
DA:17,1
DA:18,3
LF:5
LH:5
end_of_record
SF:lib/features/dogbreeds/models/breeds/height.g.dart
DA:9,10
DA:10,5
DA:11,5
DA:14,2
DA:15,1
DA:16,1
LF:6
LH:6
end_of_record
SF:lib/features/dogbreeds/models/breeds/image.dart
DA:13,5
DA:15,10
DA:17,2
DA:19,1
DA:20,5
LF:5
LH:5
end_of_record
SF:lib/features/dogbreeds/models/breeds/image.g.dart
DA:9,10
DA:10,5
DA:11,5
DA:12,5
DA:13,5
DA:16,2
DA:17,1
DA:18,1
DA:19,1
DA:20,1
LF:10
LH:10
end_of_record
SF:lib/features/dogbreeds/models/breeds/weight.dart
DA:11,5
DA:13,10
DA:15,2
DA:17,1
DA:18,3
LF:5
LH:5
end_of_record
SF:lib/features/dogbreeds/models/breeds/weight.g.dart
DA:9,10
DA:10,5
DA:11,5
DA:14,2
DA:15,1
DA:16,1
LF:6
LH:6
end_of_record
SF:lib/features/dogbreeds/bloc/dogbreeds_state.dart
DA:5,1
DA:6,1
DA:10,2
DA:11,2
DA:17,4
DA:19,2
DA:20,4
DA:25,2
DA:26,2
LF:9
LH:9
end_of_record
SF:lib/features/dogbreeds/bloc/dogbreeds_bloc.dart
DA:14,3
DA:15,2
DA:16,1
DA:17,2
DA:20,2
DA:21,3
DA:23,2
LF:7
LH:7
end_of_record
SF:lib/features/dogbreeds/bloc/dogbreeds_event.dart
DA:8,1
DA:9,1
LF:2
LH:2
end_of_record
SF:lib/features/dogbreeds/models/breeds_catalog.dart
DA:8,4
DA:10,1
DA:11,2
LF:3
LH:3
end_of_record
SF:lib/features/dogbreeds/ui/description.dart
DA:10,2
DA:12,1
DA:14,1
DA:15,1
DA:16,1
DA:18,2
DA:21,1
DA:23,2
DA:26,1
DA:28,3
DA:31,1
DA:33,3
DA:36,1
DA:38,2
DA:51,2
DA:54,1
DA:56,2
DA:58,1
DA:59,3
DA:60,1
DA:61,1
DA:62,1
DA:63,1
DA:64,1
DA:65,2
DA:67,2
DA:68,2
DA:71,1
DA:72,1
DA:73,1
DA:74,3
DA:75,1
DA:76,2
DA:77,2
DA:78,2
DA:83,1
DA:85,1
DA:86,2
LF:38
LH:38
end_of_record
SF:lib/features/dogbreeds/ui/home_detail_page.dart
DA:14,2
DA:16,1
DA:18,2
DA:21,1
DA:22,1
DA:25,1
DA:26,2
DA:27,1
DA:28,2
DA:30,2
DA:31,2
DA:35,2
DA:36,1
DA:37,2
DA:38,1
DA:39,1
DA:40,1
DA:42,1
DA:43,4
DA:49,0
DA:56,1
DA:58,4
DA:60,2
DA:67,4
DA:69,2
DA:83,1
DA:86,1
DA:90,1
DA:92,1
DA:93,1
DA:94,1
DA:96,1
DA:97,2
DA:98,1
DA:99,3
DA:100,0
DA:104,1
DA:106,1
DA:107,1
DA:108,1
LF:40
LH:38
end_of_record
SF:lib/features/favourites/ui/favourites_page.dart
DA:9,1
DA:11,1
DA:13,2
DA:15,1
DA:16,2
DA:17,1
DA:18,1
DA:19,1
DA:20,2
DA:21,2
DA:23,1
DA:25,1
DA:27,1
DA:28,1
DA:29,1
DA:31,1
DA:32,1
DA:33,1
DA:34,2
DA:38,1
LF:20
LH:20
end_of_record
SF:lib/core/widgets/main_header.dart
DA:12,3
DA:13,0
DA:15,2
DA:17,4
DA:18,4
DA:20,2
DA:22,2
DA:23,2
DA:24,2
DA:25,2
DA:27,4
DA:29,2
DA:30,0
DA:31,4
DA:33,2
DA:34,1
DA:35,1
DA:36,1
DA:37,0
DA:38,0
DA:39,0
DA:40,0
DA:42,0
DA:43,0
DA:45,0
DA:46,0
DA:49,0
DA:50,0
DA:51,0
DA:52,0
DA:53,0
DA:54,0
LF:32
LH:16
end_of_record
SF:lib/core/widgets/main_list.dart
DA:13,2
DA:18,2
DA:20,2
DA:22,4
DA:24,2
DA:26,2
DA:29,4
DA:30,2
DA:31,2
DA:32,0
DA:34,0
DA:35,0
DA:38,2
DA:39,2
DA:41,1
DA:43,2
DA:45,2
DA:47,2
DA:49,2
DA:50,2
DA:51,2
DA:52,6
DA:55,2
DA:57,4
DA:61,2
DA:62,1
DA:63,5
DA:65,2
DA:66,2
DA:67,1
DA:69,1
DA:70,4
DA:72,2
LF:33
LH:30
end_of_record
SF:lib/features/dogbreeds/ui/home_page.dart
DA:9,1
DA:11,1
DA:13,2
DA:15,1
DA:16,2
DA:17,1
DA:18,1
DA:19,1
DA:20,2
DA:21,2
DA:23,1
DA:25,1
DA:27,1
DA:28,1
DA:29,1
DA:33,1
DA:34,1
DA:35,1
DA:37,2
DA:42,1
LF:20
LH:20
end_of_record
