SF:lib/bloc/favourites/favourites_event.dart
DA:5,3
DA:9,1
DA:10,1
DA:16,2
DA:18,1
DA:19,2
DA:25,3
DA:27,1
DA:28,2
LF:9
LH:9
end_of_record
SF:lib/bloc/favourites/favourites_state.dart
DA:7,2
DA:8,2
DA:14,3
DA:16,1
DA:17,1
DA:18,2
DA:22,0
DA:23,0
DA:24,0
DA:28,0
DA:30,2
DA:31,4
DA:35,2
DA:36,2
LF:14
LH:10
end_of_record
SF:lib/bloc/favourites/favourites_bloc.dart
DA:16,1
DA:17,2
DA:18,2
DA:19,2
DA:20,2
DA:23,1
DA:25,2
DA:28,3
DA:29,2
DA:30,2
DA:32,2
DA:36,1
DA:37,1
DA:39,1
DA:41,3
DA:42,2
DA:43,2
DA:44,2
DA:45,1
DA:48,2
DA:53,1
DA:54,1
DA:56,1
DA:58,3
DA:59,2
DA:60,1
DA:61,3
DA:62,2
DA:64,2
DA:69,0
DA:72,0
DA:73,0
DA:74,0
DA:76,0
DA:77,0
DA:83,1
DA:85,1
DA:86,1
LF:38
LH:32
end_of_record
SF:lib/data/models/favourites_list.dart
DA:10,14
DA:12,1
DA:13,1
DA:14,5
DA:18,0
DA:19,0
DA:20,0
DA:25,0
DA:27,2
DA:28,4
LF:10
LH:6
end_of_record
SF:lib/data/models/breeds/breeds_model.dart
DA:29,5
DA:41,5
DA:42,5
DA:44,2
DA:46,1
DA:47,1
DA:48,1
DA:49,1
DA:50,1
DA:51,1
DA:52,1
DA:53,1
DA:54,1
DA:55,1
DA:56,1
DA:57,1
DA:58,1
DA:59,1
LF:18
LH:18
end_of_record
SF:lib/data/models/breeds/breeds_model.g.dart
DA:9,10
DA:10,5
DA:11,5
DA:13,10
DA:14,5
DA:15,10
DA:16,5
DA:17,5
DA:18,5
DA:19,5
DA:20,10
DA:22,10
DA:23,10
DA:24,10
DA:26,1
DA:27,1
DA:28,1
DA:29,1
DA:30,2
DA:31,1
DA:32,2
DA:33,1
DA:34,1
DA:35,1
DA:36,1
DA:37,1
DA:38,2
DA:39,1
LF:28
LH:28
end_of_record
SF:lib/data/repositories/dog_repository.dart
DA:10,0
DA:11,0
DA:12,0
DA:13,0
DA:14,0
DA:15,0
DA:20,0
DA:21,0
DA:24,0
DA:26,0
LF:10
LH:0
end_of_record
SF:lib/data/data_providers/dog_data_provider.dart
DA:7,0
DA:8,0
DA:9,0
DA:10,0
LF:4
LH:0
end_of_record
SF:lib/data/models/breeds/height.dart
DA:11,5
DA:13,10
DA:15,2
DA:17,1
DA:18,3
LF:5
LH:5
end_of_record
SF:lib/data/models/breeds/height.g.dart
DA:9,10
DA:10,5
DA:11,5
DA:14,2
DA:15,1
DA:16,1
LF:6
LH:6
end_of_record
SF:lib/data/models/breeds/image.dart
DA:13,5
DA:15,10
DA:17,2
DA:19,1
DA:20,5
LF:5
LH:5
end_of_record
SF:lib/data/models/breeds/image.g.dart
DA:9,10
DA:10,5
DA:11,5
DA:12,5
DA:13,5
DA:16,2
DA:17,1
DA:18,1
DA:19,1
DA:20,1
LF:10
LH:10
end_of_record
SF:lib/data/models/breeds/weight.dart
DA:11,5
DA:13,10
DA:15,2
DA:17,1
DA:18,3
LF:5
LH:5
end_of_record
SF:lib/data/models/breeds/weight.g.dart
DA:9,10
DA:10,5
DA:11,5
DA:14,2
DA:15,1
DA:16,1
LF:6
LH:6
end_of_record
SF:lib/bloc/authentication/auth_state.dart
DA:5,1
DA:6,1
DA:10,2
DA:11,2
DA:15,2
DA:16,2
DA:20,2
DA:21,2
DA:27,2
DA:29,2
DA:30,4
DA:36,2
DA:39,2
DA:40,4
LF:14
LH:14
end_of_record
SF:lib/bloc/authentication/auth_bloc.dart
DA:13,3
DA:14,2
DA:15,2
DA:17,3
DA:18,2
DA:19,2
DA:21,3
DA:22,2
DA:26,2
DA:27,2
DA:29,3
DA:30,2
DA:31,2
DA:33,3
DA:34,2
DA:38,2
DA:39,2
DA:41,3
DA:42,2
DA:45,3
DA:46,2
LF:21
LH:21
end_of_record
SF:lib/bloc/authentication/auth_event.dart
DA:4,2
DA:6,0
DA:7,0
DA:14,2
DA:16,0
DA:17,0
DA:24,2
DA:26,0
DA:27,0
DA:31,2
DA:33,0
DA:34,0
LF:12
LH:4
end_of_record
SF:lib/data/repositories/auth_repository.dart
DA:6,0
DA:8,0
DA:9,0
DA:10,0
DA:11,0
DA:12,0
DA:13,0
DA:14,0
DA:17,0
DA:21,0
DA:23,0
DA:24,0
DA:25,0
DA:26,0
DA:27,0
DA:28,0
DA:29,0
DA:34,0
DA:36,0
DA:38,0
LF:20
LH:0
end_of_record
SF:lib/bloc/dog_breeds/dogbreeds_state.dart
DA:5,1
DA:6,1
DA:10,2
DA:11,2
DA:17,2
DA:19,2
DA:20,4
DA:25,2
DA:26,2
LF:9
LH:9
end_of_record
SF:lib/bloc/dog_breeds/dogbreeds_bloc.dart
DA:14,3
DA:15,2
DA:16,1
DA:17,2
DA:20,3
DA:21,3
DA:23,2
LF:7
LH:7
end_of_record
SF:lib/bloc/dog_breeds/dogbreeds_event.dart
DA:8,1
DA:9,1
LF:2
LH:2
end_of_record
SF:lib/data/models/breeds_catalog.dart
DA:7,3
DA:9,2
DA:10,4
LF:3
LH:3
end_of_record
SF:lib/presentation/pages/favourite_page/favourites_page.dart
DA:8,1
DA:10,1
DA:12,2
DA:14,1
DA:15,2
DA:16,1
DA:17,1
DA:18,1
DA:19,2
DA:20,2
DA:22,1
DA:24,1
DA:26,1
DA:27,1
DA:28,1
DA:30,1
DA:31,1
DA:32,1
DA:33,2
DA:37,1
LF:20
LH:20
end_of_record
SF:lib/presentation/widgets/main_header.dart
DA:11,1
DA:12,0
DA:14,1
DA:16,2
DA:17,2
DA:19,1
DA:21,1
DA:22,1
DA:23,1
DA:24,1
DA:26,2
DA:28,1
DA:29,0
DA:30,2
DA:32,1
DA:33,0
DA:34,0
DA:35,0
DA:36,0
DA:37,0
DA:38,0
DA:39,0
DA:41,0
DA:42,0
DA:44,0
DA:45,0
DA:48,0
DA:49,0
DA:50,0
DA:51,0
DA:52,0
DA:53,0
LF:32
LH:13
end_of_record
SF:lib/presentation/widgets/main_list.dart
DA:12,1
DA:17,1
DA:19,1
DA:21,2
DA:22,2
DA:24,1
DA:26,1
DA:29,2
DA:30,1
DA:31,1
DA:32,0
DA:34,0
DA:35,0
DA:38,1
DA:39,5
DA:40,1
DA:42,0
DA:44,0
DA:46,0
DA:48,1
DA:50,1
DA:51,1
DA:52,1
DA:53,3
DA:56,1
DA:58,1
DA:59,0
DA:60,2
DA:64,1
DA:65,1
DA:66,5
DA:68,2
DA:69,1
DA:70,0
DA:71,2
DA:72,1
DA:74,1
DA:75,4
DA:77,2
LF:39
LH:31
end_of_record
SF:lib/presentation/pages/home_detail_page/home_detail_page.dart
DA:12,0
DA:14,0
DA:16,0
DA:17,0
DA:20,0
DA:21,0
DA:24,0
DA:25,0
DA:26,0
DA:27,0
DA:29,0
DA:30,0
DA:31,0
DA:32,0
DA:36,0
DA:37,0
DA:38,0
DA:39,0
DA:40,0
DA:41,0
DA:43,0
DA:44,0
DA:50,0
DA:57,0
DA:59,0
DA:61,0
DA:68,0
DA:70,0
DA:84,0
DA:87,0
DA:91,0
DA:93,0
DA:94,0
DA:95,0
DA:97,0
DA:98,0
DA:99,0
DA:100,0
DA:101,0
DA:103,0
DA:107,0
DA:109,0
DA:110,0
DA:111,0
LF:44
LH:0
end_of_record
SF:lib/presentation/pages/home_detail_page/widgets/description.dart
DA:9,0
DA:11,0
DA:13,0
DA:14,0
DA:15,0
DA:17,0
DA:20,0
DA:22,0
DA:25,0
DA:27,0
DA:30,0
DA:32,0
DA:35,0
DA:37,0
DA:50,0
DA:53,0
DA:55,0
DA:56,0
DA:58,0
DA:59,0
DA:60,0
DA:61,0
DA:62,0
DA:63,0
DA:64,0
DA:65,0
DA:66,0
DA:67,0
DA:69,0
DA:70,0
DA:73,0
DA:74,0
DA:75,0
DA:76,0
DA:77,0
DA:78,0
DA:79,0
DA:80,0
DA:81,0
DA:82,0
DA:87,0
DA:89,0
DA:90,0
DA:91,0
DA:92,0
LF:45
LH:0
end_of_record
